<?xml version="1.0" encoding="UTF-8"?>
<!-- Generated by org.testng.reporters.JUnitReportReporter -->
<testsuite skipped="0" hostname="LIB-WS0248L" name="avantica.tests.RegisterTests" tests="4" failures="0" timestamp="15 jun 2017 16:00:04 GMT" time="20.919" errors="0">
  <testcase name="testRegisterTc11" time="4.509" classname="avantica.tests.RegisterTests"/>
  <testcase name="testRegisterTc14" time="5.608" classname="avantica.tests.RegisterTests"/>
  <testcase name="testRegisterTc13" time="5.436" classname="avantica.tests.RegisterTests"/>
  <testcase name="testRegisterTc12" time="5.366" classname="avantica.tests.RegisterTests"/>
</testsuite> <!-- avantica.tests.RegisterTests -->
