<?xml version="1.0" encoding="UTF-8"?>
<!-- Generated by org.testng.reporters.JUnitReportReporter -->
<testsuite skipped="0" hostname="LIB-WS0248L" name="avantica.tests.LoginTests" tests="3" failures="0" timestamp="15 jun 2017 16:17:20 GMT" time="60.943" errors="0">
  <testcase name="testLoginTc15" time="7.332" classname="avantica.tests.LoginTests"/>
  <testcase name="testLoginTc17" time="7.331" classname="avantica.tests.LoginTests"/>
  <testcase name="testLoginTc16" time="46.280" classname="avantica.tests.LoginTests"/>
</testsuite> <!-- avantica.tests.LoginTests -->
